[01m[K/home/usanz/colcon_ws/src/navigation_l4ros2/bt_behavior/src/bt_behavior/Move.cpp:[m[K In constructor â€˜[01m[Kbt_behavior::Move::Move(const string&, const string&, const BT::NodeConfiguration&)[m[Kâ€™:
[01m[K/home/usanz/colcon_ws/src/navigation_l4ros2/bt_behavior/src/bt_behavior/Move.cpp:47:3:[m[K [01;31m[Kerror: [m[Kâ€˜[01m[Kled_publisher_[m[Kâ€™ was not declared in this scope; did you mean â€˜[01m[Ksound_publisher_[m[Kâ€™?
   47 |   [01;31m[Kled_publisher_[m[K = sound_node_->create_publisher<kobuki_ros_interfaces::msg::Led>(
      |   [01;31m[K^~~~~~~~~~~~~~[m[K
      |   [32m[Ksound_publisher_[m[K
[01m[K/home/usanz/colcon_ws/src/navigation_l4ros2/bt_behavior/src/bt_behavior/Move.cpp:47:78:[m[K [01;31m[Kerror: [m[Kâ€˜[01m[KLed[m[Kâ€™ is not a member of â€˜[01m[Kkobuki_ros_interfaces::msg[m[Kâ€™
   47 |   led_publisher_ = sound_node_->create_publisher<kobuki_ros_interfaces::msg::[01;31m[KLed[m[K>(
      |                                                                              [01;31m[K^~~[m[K
[01m[K/home/usanz/colcon_ws/src/navigation_l4ros2/bt_behavior/src/bt_behavior/Move.cpp:48:25:[m[K [01;31m[Kerror: [m[Kno matching function for call to â€˜[01m[Krclcpp::Node::create_publisher<<expression error> >(const char [15], int)[m[Kâ€™
   48 |     "/commands/led2", 10[01;31m[K)[m[K;
      |                         [01;31m[K^[m[K
In file included from [01m[K/opt/ros/foxy/include/rclcpp/node.hpp:1224[m[K,
                 from [01m[K/opt/ros/foxy/include/rclcpp/executors/single_threaded_executor.hpp:28[m[K,
                 from [01m[K/opt/ros/foxy/include/rclcpp/executors.hpp:22[m[K,
                 from [01m[K/opt/ros/foxy/include/rclcpp/rclcpp.hpp:146[m[K,
                 from [01m[K/home/usanz/colcon_ws/src/navigation_l4ros2/bt_behavior/include/bt_behavior/ctrl_support/BTActionNode.hpp:22[m[K,
                 from [01m[K/home/usanz/colcon_ws/src/navigation_l4ros2/bt_behavior/include/bt_behavior/Move.hpp:25[m[K,
                 from [01m[K/home/usanz/colcon_ws/src/navigation_l4ros2/bt_behavior/src/bt_behavior/Move.cpp:20[m[K:
[01m[K/opt/ros/foxy/include/rclcpp/node_impl.hpp:71:1:[m[K [01;36m[Knote: [m[Kcandidate: â€˜[01m[Ktemplate<class MessageT, class AllocatorT, class PublisherT> std::shared_ptr<PublisherT> rclcpp::Node::create_publisher(const string&, const rclcpp::QoS&, const rclcpp::PublisherOptionsWithAllocator<AllocatorT>&)[m[Kâ€™
   71 | [01;36m[KNode[m[K::create_publisher(
      | [01;36m[K^~~~[m[K
[01m[K/opt/ros/foxy/include/rclcpp/node_impl.hpp:71:1:[m[K [01;36m[Knote: [m[K  template argument deduction/substitution failed:
[01m[K/home/usanz/colcon_ws/src/navigation_l4ros2/bt_behavior/src/bt_behavior/Move.cpp:48:25:[m[K [01;31m[Kerror: [m[Ktemplate argument 1 is invalid
   48 |     "/commands/led2", 10[01;31m[K)[m[K;
      |                         [01;31m[K^[m[K
[01m[K/home/usanz/colcon_ws/src/navigation_l4ros2/bt_behavior/src/bt_behavior/Move.cpp:[m[K In member function â€˜[01m[Kvirtual void bt_behavior::Move::on_tick()[m[Kâ€™:
[01m[K/home/usanz/colcon_ws/src/navigation_l4ros2/bt_behavior/src/bt_behavior/Move.cpp:58:50:[m[K [01;31m[Kerror: [m[Kâ€˜[01m[KLed[m[Kâ€™ is not a member of â€˜[01m[Kkobuki_ros_interfaces::msg[m[Kâ€™
   58 |   auto led_message = kobuki_ros_interfaces::msg::[01;31m[KLed[m[K();
      |                                                  [01;31m[K^~~[m[K
[01m[K/home/usanz/colcon_ws/src/navigation_l4ros2/bt_behavior/src/bt_behavior/Move.cpp:60:3:[m[K [01;31m[Kerror: [m[Kâ€˜[01m[Kled_publisher_[m[Kâ€™ was not declared in this scope; did you mean â€˜[01m[Ksound_publisher_[m[Kâ€™?
   60 |   [01;31m[Kled_publisher_[m[K->publish(led_message);
      |   [01;31m[K^~~~~~~~~~~~~~[m[K
      |   [32m[Ksound_publisher_[m[K
[01m[K/home/usanz/colcon_ws/src/navigation_l4ros2/bt_behavior/src/bt_behavior/Move.cpp:[m[K In member function â€˜[01m[Kvirtual BT::NodeStatus bt_behavior::Move::on_success()[m[Kâ€™:
[01m[K/home/usanz/colcon_ws/src/navigation_l4ros2/bt_behavior/src/bt_behavior/Move.cpp:71:50:[m[K [01;31m[Kerror: [m[Kâ€˜[01m[KLed[m[Kâ€™ is not a member of â€˜[01m[Kkobuki_ros_interfaces::msg[m[Kâ€™
   71 |   auto led_message = kobuki_ros_interfaces::msg::[01;31m[KLed[m[K();
      |                                                  [01;31m[K^~~[m[K
[01m[K/home/usanz/colcon_ws/src/navigation_l4ros2/bt_behavior/src/bt_behavior/Move.cpp:73:3:[m[K [01;31m[Kerror: [m[Kâ€˜[01m[Kled_publisher_[m[Kâ€™ was not declared in this scope; did you mean â€˜[01m[Ksound_publisher_[m[Kâ€™?
   73 |   [01;31m[Kled_publisher_[m[K->publish(led_message);
      |   [01;31m[K^~~~~~~~~~~~~~[m[K
      |   [32m[Ksound_publisher_[m[K
[01m[K/home/usanz/colcon_ws/src/navigation_l4ros2/bt_behavior/src/bt_behavior/Move.cpp:[m[K In member function â€˜[01m[Kvirtual BT::NodeStatus bt_behavior::Move::on_aborted()[m[Kâ€™:
[01m[K/home/usanz/colcon_ws/src/navigation_l4ros2/bt_behavior/src/bt_behavior/Move.cpp:85:50:[m[K [01;31m[Kerror: [m[Kâ€˜[01m[KLed[m[Kâ€™ is not a member of â€˜[01m[Kkobuki_ros_interfaces::msg[m[Kâ€™
   85 |   auto led_message = kobuki_ros_interfaces::msg::[01;31m[KLed[m[K();
      |                                                  [01;31m[K^~~[m[K
[01m[K/home/usanz/colcon_ws/src/navigation_l4ros2/bt_behavior/src/bt_behavior/Move.cpp:87:3:[m[K [01;31m[Kerror: [m[Kâ€˜[01m[Kled_publisher_[m[Kâ€™ was not declared in this scope; did you mean â€˜[01m[Ksound_publisher_[m[Kâ€™?
   87 |   [01;31m[Kled_publisher_[m[K->publish(led_message);
      |   [01;31m[K^~~~~~~~~~~~~~[m[K
      |   [32m[Ksound_publisher_[m[K
[01m[K/home/usanz/colcon_ws/src/navigation_l4ros2/bt_behavior/src/bt_behavior/Move.cpp:[m[K In member function â€˜[01m[Kvirtual BT::NodeStatus bt_behavior::Move::on_cancelled()[m[Kâ€™:
[01m[K/home/usanz/colcon_ws/src/navigation_l4ros2/bt_behavior/src/bt_behavior/Move.cpp:97:50:[m[K [01;31m[Kerror: [m[Kâ€˜[01m[KLed[m[Kâ€™ is not a member of â€˜[01m[Kkobuki_ros_interfaces::msg[m[Kâ€™
   97 |   auto led_message = kobuki_ros_interfaces::msg::[01;31m[KLed[m[K();
      |                                                  [01;31m[K^~~[m[K
[01m[K/home/usanz/colcon_ws/src/navigation_l4ros2/bt_behavior/src/bt_behavior/Move.cpp:99:3:[m[K [01;31m[Kerror: [m[Kâ€˜[01m[Kled_publisher_[m[Kâ€™ was not declared in this scope; did you mean â€˜[01m[Ksound_publisher_[m[Kâ€™?
   99 |   [01;31m[Kled_publisher_[m[K->publish(led_message);
      |   [01;31m[K^~~~~~~~~~~~~~[m[K
      |   [32m[Ksound_publisher_[m[K
make[2]: *** [CMakeFiles/br2_move_bt_node.dir/build.make:63: CMakeFiles/br2_move_bt_node.dir/src/bt_behavior/Move.cpp.o] Error 1
make[1]: *** [CMakeFiles/Makefile2:152: CMakeFiles/br2_move_bt_node.dir/all] Error 2
make[1]: *** Waiting for unfinished jobs....
make: *** [Makefile:141: all] Error 2
