-- The C compiler identification is GNU 9.3.0
-- The CXX compiler identification is GNU 9.3.0
-- Check for working C compiler: /usr/bin/cc
-- Check for working C compiler: /usr/bin/cc -- works
-- Detecting C compiler ABI info
-- Detecting C compiler ABI info - done
-- Detecting C compile features
-- Detecting C compile features - done
-- Check for working CXX compiler: /usr/bin/c++
-- Check for working CXX compiler: /usr/bin/c++ -- works
-- Detecting CXX compiler ABI info
-- Detecting CXX compiler ABI info - done
-- Detecting CXX compile features
-- Detecting CXX compile features - done
-- Found ament_cmake: 0.9.9 (/opt/ros/foxy/share/ament_cmake/cmake)
-- Found PythonInterp: /usr/bin/python3 (found suitable version "3.8.10", minimum required is "3") 
-- Using PYTHON_EXECUTABLE: /usr/bin/python3
-- Override CMake install command with custom implementation using symlinks instead of copying resources
-- Found rclcpp: 2.4.0 (/opt/ros/foxy/share/rclcpp/cmake)
-- Using all available rosidl_typesupport_c: rosidl_typesupport_fastrtps_c;rosidl_typesupport_introspection_c
-- Found rosidl_adapter: 1.2.1 (/opt/ros/foxy/share/rosidl_adapter/cmake)
-- Found OpenSSL: /usr/lib/x86_64-linux-gnu/libcrypto.so (found version "1.1.1f")  
-- Found FastRTPS: /opt/ros/foxy/include  
-- Using all available rosidl_typesupport_cpp: rosidl_typesupport_fastrtps_cpp;rosidl_typesupport_introspection_cpp
-- Found rmw_implementation_cmake: 1.0.3 (/opt/ros/foxy/share/rmw_implementation_cmake/cmake)
-- Using RMW implementation 'rmw_fastrtps_cpp' as default
-- Looking for pthread.h
-- Looking for pthread.h - found
-- Performing Test CMAKE_HAVE_LIBC_PTHREAD
-- Performing Test CMAKE_HAVE_LIBC_PTHREAD - Failed
-- Looking for pthread_create in pthreads
-- Looking for pthread_create in pthreads - not found
-- Looking for pthread_create in pthread
-- Looking for pthread_create in pthread - found
-- Found Threads: TRUE  
-- Found rclcpp_lifecycle: 2.4.0 (/opt/ros/foxy/share/rclcpp_lifecycle/cmake)
-- Found rclcpp_action: 2.4.0 (/opt/ros/foxy/share/rclcpp_action/cmake)
-- Found behaviortree_cpp_v3: 3.6.0 (/opt/ros/foxy/share/behaviortree_cpp_v3/cmake)
-- Found geometry_msgs: 2.0.4 (/opt/ros/foxy/share/geometry_msgs/cmake)
-- Found nav2_msgs: 0.4.7 (/opt/ros/foxy/share/nav2_msgs/cmake)
-- Found kobuki_ros_interfaces: 1.0.0 (/home/usanz/colcon_ws/install/kobuki_ros_interfaces/share/kobuki_ros_interfaces/cmake)
-- Found ament_index_cpp: 1.1.0 (/opt/ros/foxy/share/ament_index_cpp/cmake)
-- Found ZMQ: /usr/lib/x86_64-linux-gnu/libzmq.so  
-- ZeroMQ found.
-- Found ament_lint_auto: 0.9.6 (/opt/ros/foxy/share/ament_lint_auto/cmake)
-- Found gtest sources under '/opt/ros/foxy/src/gtest_vendor': C++ tests using 'Google Test' will be built
-- Check if compiler accepts -pthread
-- Check if compiler accepts -pthread - yes
-- Added test 'copyright' to check source files copyright and LICENSE
-- Added test 'cppcheck' to perform static code analysis on C / C++ code
-- Configured cppcheck include dirs: /home/usanz/colcon_ws/src/navigation_l4ros2/bt_behavior/include
-- Configured cppcheck exclude dirs and/or files: 
-- Added test 'cpplint' to check C / C++ code against the Google style
-- Configured cpplint exclude dirs and/or files: 
-- Added test 'flake8' to check Python code syntax and style conventions
-- Added test 'lint_cmake' to check CMake code style
-- Added test 'pep257' to check Python code against some of the style conventions in PEP 257
-- Added test 'uncrustify' to check C / C++ code style
-- Configured uncrustify additional arguments: 
-- Added test 'xmllint' to check XML markup files
-- Configuring done
-- Generating done
-- Build files have been written to: /home/usanz/colcon_ws/src/navigation_l4ros2/build/bt_behavior
[35m[1mScanning dependencies of target patrolling_main[0m
[35m[1mScanning dependencies of target gtest_main[0m
[35m[1mScanning dependencies of target br2_get_waypoint_bt_node[0m
[35m[1mScanning dependencies of target gtest[0m
[35m[1mScanning dependencies of target br2_move_bt_node[0m
[35m[1mScanning dependencies of target br2_patrol_bt_node[0m
[  7%] [32mBuilding CXX object gtest/CMakeFiles/gtest_main.dir/src/gtest_main.cc.o[0m
[ 14%] [32mBuilding CXX object gtest/CMakeFiles/gtest.dir/src/gtest-all.cc.o[0m
[ 21%] [32mBuilding CXX object CMakeFiles/patrolling_main.dir/src/patrolling_main.cpp.o[0m
[ 28%] [32mBuilding CXX object CMakeFiles/br2_get_waypoint_bt_node.dir/src/bt_behavior/GetNextWp.cpp.o[0m
[ 35%] [32mBuilding CXX object CMakeFiles/br2_patrol_bt_node.dir/src/bt_behavior/Patrol.cpp.o[0m
[ 42%] [32mBuilding CXX object CMakeFiles/br2_move_bt_node.dir/src/bt_behavior/Move.cpp.o[0m
[ 50%] [32m[1mLinking CXX static library libgtest_main.a[0m
[ 50%] Built target gtest_main
[01m[K/home/usanz/colcon_ws/src/navigation_l4ros2/bt_behavior/src/bt_behavior/Move.cpp:[m[K In constructor â€˜[01m[Kbt_behavior::Move::Move(const string&, const string&, const BT::NodeConfiguration&)[m[Kâ€™:
[01m[K/home/usanz/colcon_ws/src/navigation_l4ros2/bt_behavior/src/bt_behavior/Move.cpp:47:3:[m[K [01;31m[Kerror: [m[Kâ€˜[01m[Kled_publisher_[m[Kâ€™ was not declared in this scope; did you mean â€˜[01m[Ksound_publisher_[m[Kâ€™?
   47 |   [01;31m[Kled_publisher_[m[K = sound_node_->create_publisher<kobuki_ros_interfaces::msg::Led>(
      |   [01;31m[K^~~~~~~~~~~~~~[m[K
      |   [32m[Ksound_publisher_[m[K
[01m[K/home/usanz/colcon_ws/src/navigation_l4ros2/bt_behavior/src/bt_behavior/Move.cpp:47:78:[m[K [01;31m[Kerror: [m[Kâ€˜[01m[KLed[m[Kâ€™ is not a member of â€˜[01m[Kkobuki_ros_interfaces::msg[m[Kâ€™
   47 |   led_publisher_ = sound_node_->create_publisher<kobuki_ros_interfaces::msg::[01;31m[KLed[m[K>(
      |                                                                              [01;31m[K^~~[m[K
[01m[K/home/usanz/colcon_ws/src/navigation_l4ros2/bt_behavior/src/bt_behavior/Move.cpp:48:25:[m[K [01;31m[Kerror: [m[Kno matching function for call to â€˜[01m[Krclcpp::Node::create_publisher<<expression error> >(const char [15], int)[m[Kâ€™
   48 |     "/commands/led2", 10[01;31m[K)[m[K;
      |                         [01;31m[K^[m[K
In file included from [01m[K/opt/ros/foxy/include/rclcpp/node.hpp:1224[m[K,
                 from [01m[K/opt/ros/foxy/include/rclcpp/executors/single_threaded_executor.hpp:28[m[K,
                 from [01m[K/opt/ros/foxy/include/rclcpp/executors.hpp:22[m[K,
                 from [01m[K/opt/ros/foxy/include/rclcpp/rclcpp.hpp:146[m[K,
                 from [01m[K/home/usanz/colcon_ws/src/navigation_l4ros2/bt_behavior/include/bt_behavior/ctrl_support/BTActionNode.hpp:22[m[K,
                 from [01m[K/home/usanz/colcon_ws/src/navigation_l4ros2/bt_behavior/include/bt_behavior/Move.hpp:25[m[K,
                 from [01m[K/home/usanz/colcon_ws/src/navigation_l4ros2/bt_behavior/src/bt_behavior/Move.cpp:20[m[K:
[01m[K/opt/ros/foxy/include/rclcpp/node_impl.hpp:71:1:[m[K [01;36m[Knote: [m[Kcandidate: â€˜[01m[Ktemplate<class MessageT, class AllocatorT, class PublisherT> std::shared_ptr<PublisherT> rclcpp::Node::create_publisher(const string&, const rclcpp::QoS&, const rclcpp::PublisherOptionsWithAllocator<AllocatorT>&)[m[Kâ€™
   71 | [01;36m[KNode[m[K::create_publisher(
      | [01;36m[K^~~~[m[K
[01m[K/opt/ros/foxy/include/rclcpp/node_impl.hpp:71:1:[m[K [01;36m[Knote: [m[K  template argument deduction/substitution failed:
[01m[K/home/usanz/colcon_ws/src/navigation_l4ros2/bt_behavior/src/bt_behavior/Move.cpp:48:25:[m[K [01;31m[Kerror: [m[Ktemplate argument 1 is invalid
   48 |     "/commands/led2", 10[01;31m[K)[m[K;
      |                         [01;31m[K^[m[K
[01m[K/home/usanz/colcon_ws/src/navigation_l4ros2/bt_behavior/src/bt_behavior/Move.cpp:[m[K In member function â€˜[01m[Kvirtual void bt_behavior::Move::on_tick()[m[Kâ€™:
[01m[K/home/usanz/colcon_ws/src/navigation_l4ros2/bt_behavior/src/bt_behavior/Move.cpp:58:50:[m[K [01;31m[Kerror: [m[Kâ€˜[01m[KLed[m[Kâ€™ is not a member of â€˜[01m[Kkobuki_ros_interfaces::msg[m[Kâ€™
   58 |   auto led_message = kobuki_ros_interfaces::msg::[01;31m[KLed[m[K();
      |                                                  [01;31m[K^~~[m[K
[01m[K/home/usanz/colcon_ws/src/navigation_l4ros2/bt_behavior/src/bt_behavior/Move.cpp:60:3:[m[K [01;31m[Kerror: [m[Kâ€˜[01m[Kled_publisher_[m[Kâ€™ was not declared in this scope; did you mean â€˜[01m[Ksound_publisher_[m[Kâ€™?
   60 |   [01;31m[Kled_publisher_[m[K->publish(led_message);
      |   [01;31m[K^~~~~~~~~~~~~~[m[K
      |   [32m[Ksound_publisher_[m[K
[01m[K/home/usanz/colcon_ws/src/navigation_l4ros2/bt_behavior/src/bt_behavior/Move.cpp:[m[K In member function â€˜[01m[Kvirtual BT::NodeStatus bt_behavior::Move::on_success()[m[Kâ€™:
[01m[K/home/usanz/colcon_ws/src/navigation_l4ros2/bt_behavior/src/bt_behavior/Move.cpp:71:50:[m[K [01;31m[Kerror: [m[Kâ€˜[01m[KLed[m[Kâ€™ is not a member of â€˜[01m[Kkobuki_ros_interfaces::msg[m[Kâ€™
   71 |   auto led_message = kobuki_ros_interfaces::msg::[01;31m[KLed[m[K();
      |                                                  [01;31m[K^~~[m[K
[01m[K/home/usanz/colcon_ws/src/navigation_l4ros2/bt_behavior/src/bt_behavior/Move.cpp:73:3:[m[K [01;31m[Kerror: [m[Kâ€˜[01m[Kled_publisher_[m[Kâ€™ was not declared in this scope; did you mean â€˜[01m[Ksound_publisher_[m[Kâ€™?
   73 |   [01;31m[Kled_publisher_[m[K->publish(led_message);
      |   [01;31m[K^~~~~~~~~~~~~~[m[K
      |   [32m[Ksound_publisher_[m[K
[01m[K/home/usanz/colcon_ws/src/navigation_l4ros2/bt_behavior/src/bt_behavior/Move.cpp:[m[K In member function â€˜[01m[Kvirtual BT::NodeStatus bt_behavior::Move::on_aborted()[m[Kâ€™:
[01m[K/home/usanz/colcon_ws/src/navigation_l4ros2/bt_behavior/src/bt_behavior/Move.cpp:85:50:[m[K [01;31m[Kerror: [m[Kâ€˜[01m[KLed[m[Kâ€™ is not a member of â€˜[01m[Kkobuki_ros_interfaces::msg[m[Kâ€™
   85 |   auto led_message = kobuki_ros_interfaces::msg::[01;31m[KLed[m[K();
      |                                                  [01;31m[K^~~[m[K
[01m[K/home/usanz/colcon_ws/src/navigation_l4ros2/bt_behavior/src/bt_behavior/Move.cpp:87:3:[m[K [01;31m[Kerror: [m[Kâ€˜[01m[Kled_publisher_[m[Kâ€™ was not declared in this scope; did you mean â€˜[01m[Ksound_publisher_[m[Kâ€™?
   87 |   [01;31m[Kled_publisher_[m[K->publish(led_message);
      |   [01;31m[K^~~~~~~~~~~~~~[m[K
      |   [32m[Ksound_publisher_[m[K
[01m[K/home/usanz/colcon_ws/src/navigation_l4ros2/bt_behavior/src/bt_behavior/Move.cpp:[m[K In member function â€˜[01m[Kvirtual BT::NodeStatus bt_behavior::Move::on_cancelled()[m[Kâ€™:
[01m[K/home/usanz/colcon_ws/src/navigation_l4ros2/bt_behavior/src/bt_behavior/Move.cpp:97:50:[m[K [01;31m[Kerror: [m[Kâ€˜[01m[KLed[m[Kâ€™ is not a member of â€˜[01m[Kkobuki_ros_interfaces::msg[m[Kâ€™
   97 |   auto led_message = kobuki_ros_interfaces::msg::[01;31m[KLed[m[K();
      |                                                  [01;31m[K^~~[m[K
[01m[K/home/usanz/colcon_ws/src/navigation_l4ros2/bt_behavior/src/bt_behavior/Move.cpp:99:3:[m[K [01;31m[Kerror: [m[Kâ€˜[01m[Kled_publisher_[m[Kâ€™ was not declared in this scope; did you mean â€˜[01m[Ksound_publisher_[m[Kâ€™?
   99 |   [01;31m[Kled_publisher_[m[K->publish(led_message);
      |   [01;31m[K^~~~~~~~~~~~~~[m[K
      |   [32m[Ksound_publisher_[m[K
make[2]: *** [CMakeFiles/br2_move_bt_node.dir/build.make:63: CMakeFiles/br2_move_bt_node.dir/src/bt_behavior/Move.cpp.o] Error 1
make[1]: *** [CMakeFiles/Makefile2:152: CMakeFiles/br2_move_bt_node.dir/all] Error 2
make[1]: *** Waiting for unfinished jobs....
[ 57%] [32m[1mLinking CXX executable patrolling_main[0m
[ 64%] [32m[1mLinking CXX static library libgtest.a[0m
[ 64%] Built target patrolling_main
[ 64%] Built target gtest
[ 71%] [32m[1mLinking CXX shared library libbr2_get_waypoint_bt_node.so[0m
[ 71%] Built target br2_get_waypoint_bt_node
[ 78%] [32m[1mLinking CXX shared library libbr2_patrol_bt_node.so[0m
[ 78%] Built target br2_patrol_bt_node
make: *** [Makefile:141: all] Error 2
