[0.029s] Invoking command in '/home/usanz/colcon_ws/src/navigation_l4ros2/build/bt_behavior': CMAKE_PREFIX_PATH=${CMAKE_PREFIX_PATH}:/home/usanz/colcon_ws/install/ros2controlcli:/home/usanz/colcon_ws/install/launch_pal:/home/usanz/colcon_ws/install/intro_py_ros2:/opt/ros/foxy /usr/bin/cmake /home/usanz/colcon_ws/src/navigation_l4ros2/bt_behavior -DAMENT_CMAKE_SYMLINK_INSTALL=1 -DCMAKE_INSTALL_PREFIX=/home/usanz/colcon_ws/src/navigation_l4ros2/install/bt_behavior
[0.153s] -- The C compiler identification is GNU 9.3.0
[0.243s] -- The CXX compiler identification is GNU 9.3.0
[0.253s] -- Check for working C compiler: /usr/bin/cc
[0.348s] -- Check for working C compiler: /usr/bin/cc -- works
[0.350s] -- Detecting C compiler ABI info
[0.474s] -- Detecting C compiler ABI info - done
[0.495s] -- Detecting C compile features
[0.496s] -- Detecting C compile features - done
[0.500s] -- Check for working CXX compiler: /usr/bin/c++
[0.622s] -- Check for working CXX compiler: /usr/bin/c++ -- works
[0.624s] -- Detecting CXX compiler ABI info
[0.760s] -- Detecting CXX compiler ABI info - done
[0.776s] -- Detecting CXX compile features
[0.777s] -- Detecting CXX compile features - done
[0.789s] -- Found ament_cmake: 0.9.9 (/opt/ros/foxy/share/ament_cmake/cmake)
[0.857s] -- Found PythonInterp: /usr/bin/python3 (found suitable version "3.8.10", minimum required is "3") 
[0.857s] -- Using PYTHON_EXECUTABLE: /usr/bin/python3
[1.071s] -- Override CMake install command with custom implementation using symlinks instead of copying resources
[1.188s] -- Found rclcpp: 2.4.0 (/opt/ros/foxy/share/rclcpp/cmake)
[1.313s] -- Using all available rosidl_typesupport_c: rosidl_typesupport_fastrtps_c;rosidl_typesupport_introspection_c
[1.346s] -- Found rosidl_adapter: 1.2.1 (/opt/ros/foxy/share/rosidl_adapter/cmake)
[1.582s] -- Found OpenSSL: /usr/lib/x86_64-linux-gnu/libcrypto.so (found version "1.1.1f")  
[1.643s] -- Found FastRTPS: /opt/ros/foxy/include  
[1.784s] -- Using all available rosidl_typesupport_cpp: rosidl_typesupport_fastrtps_cpp;rosidl_typesupport_introspection_cpp
[1.898s] -- Found rmw_implementation_cmake: 1.0.3 (/opt/ros/foxy/share/rmw_implementation_cmake/cmake)
[1.906s] -- Using RMW implementation 'rmw_fastrtps_cpp' as default
[1.908s] -- Looking for pthread.h
[2.016s] -- Looking for pthread.h - found
[2.016s] -- Performing Test CMAKE_HAVE_LIBC_PTHREAD
[2.119s] -- Performing Test CMAKE_HAVE_LIBC_PTHREAD - Failed
[2.119s] -- Looking for pthread_create in pthreads
[2.209s] -- Looking for pthread_create in pthreads - not found
[2.209s] -- Looking for pthread_create in pthread
[2.314s] -- Looking for pthread_create in pthread - found
[2.316s] -- Found Threads: TRUE  
[2.552s] -- Found rclcpp_lifecycle: 2.4.0 (/opt/ros/foxy/share/rclcpp_lifecycle/cmake)
[2.608s] -- Found rclcpp_action: 2.4.0 (/opt/ros/foxy/share/rclcpp_action/cmake)
[2.725s] -- Found behaviortree_cpp_v3: 3.6.0 (/opt/ros/foxy/share/behaviortree_cpp_v3/cmake)
[2.736s] -- Found geometry_msgs: 2.0.4 (/opt/ros/foxy/share/geometry_msgs/cmake)
[2.781s] -- Found nav2_msgs: 0.4.7 (/opt/ros/foxy/share/nav2_msgs/cmake)
[3.199s] -- Found kobuki_ros_interfaces: 1.0.0 (/home/usanz/colcon_ws/install/kobuki_ros_interfaces/share/kobuki_ros_interfaces/cmake)
[3.324s] -- Found ament_index_cpp: 1.1.0 (/opt/ros/foxy/share/ament_index_cpp/cmake)
[3.331s] -- Found ZMQ: /usr/lib/x86_64-linux-gnu/libzmq.so  
[3.331s] -- ZeroMQ found.
[3.385s] -- Found ament_lint_auto: 0.9.6 (/opt/ros/foxy/share/ament_lint_auto/cmake)
[3.582s] -- Found gtest sources under '/opt/ros/foxy/src/gtest_vendor': C++ tests using 'Google Test' will be built
[3.585s] -- Check if compiler accepts -pthread
[3.717s] -- Check if compiler accepts -pthread - yes
[3.747s] -- Added test 'copyright' to check source files copyright and LICENSE
[3.751s] -- Added test 'cppcheck' to perform static code analysis on C / C++ code
[3.752s] -- Configured cppcheck include dirs: /home/usanz/colcon_ws/src/navigation_l4ros2/bt_behavior/include
[3.752s] -- Configured cppcheck exclude dirs and/or files: 
[3.755s] -- Added test 'cpplint' to check C / C++ code against the Google style
[3.755s] -- Configured cpplint exclude dirs and/or files: 
[3.757s] -- Added test 'flake8' to check Python code syntax and style conventions
[3.760s] -- Added test 'lint_cmake' to check CMake code style
[3.762s] -- Added test 'pep257' to check Python code against some of the style conventions in PEP 257
[3.766s] -- Added test 'uncrustify' to check C / C++ code style
[3.766s] -- Configured uncrustify additional arguments: 
[3.768s] -- Added test 'xmllint' to check XML markup files
[3.780s] -- Configuring done
[3.842s] -- Generating done
[3.846s] -- Build files have been written to: /home/usanz/colcon_ws/src/navigation_l4ros2/build/bt_behavior
[3.857s] Invoked command in '/home/usanz/colcon_ws/src/navigation_l4ros2/build/bt_behavior' returned '0': CMAKE_PREFIX_PATH=${CMAKE_PREFIX_PATH}:/home/usanz/colcon_ws/install/ros2controlcli:/home/usanz/colcon_ws/install/launch_pal:/home/usanz/colcon_ws/install/intro_py_ros2:/opt/ros/foxy /usr/bin/cmake /home/usanz/colcon_ws/src/navigation_l4ros2/bt_behavior -DAMENT_CMAKE_SYMLINK_INSTALL=1 -DCMAKE_INSTALL_PREFIX=/home/usanz/colcon_ws/src/navigation_l4ros2/install/bt_behavior
[3.861s] Invoking command in '/home/usanz/colcon_ws/src/navigation_l4ros2/build/bt_behavior': CMAKE_PREFIX_PATH=${CMAKE_PREFIX_PATH}:/home/usanz/colcon_ws/install/ros2controlcli:/home/usanz/colcon_ws/install/launch_pal:/home/usanz/colcon_ws/install/intro_py_ros2:/opt/ros/foxy /usr/bin/cmake --build /home/usanz/colcon_ws/src/navigation_l4ros2/build/bt_behavior -- -j8 -l8
[3.931s] [35m[1mScanning dependencies of target patrolling_main[0m
[3.934s] [35m[1mScanning dependencies of target gtest_main[0m
[3.936s] [35m[1mScanning dependencies of target br2_get_waypoint_bt_node[0m
[3.937s] [35m[1mScanning dependencies of target gtest[0m
[3.937s] [35m[1mScanning dependencies of target br2_move_bt_node[0m
[3.938s] [35m[1mScanning dependencies of target br2_patrol_bt_node[0m
[3.990s] [  7%] [32mBuilding CXX object gtest/CMakeFiles/gtest_main.dir/src/gtest_main.cc.o[0m
[4.000s] [ 14%] [32mBuilding CXX object gtest/CMakeFiles/gtest.dir/src/gtest-all.cc.o[0m
[4.082s] [ 21%] [32mBuilding CXX object CMakeFiles/patrolling_main.dir/src/patrolling_main.cpp.o[0m
[4.095s] [ 28%] [32mBuilding CXX object CMakeFiles/br2_get_waypoint_bt_node.dir/src/bt_behavior/GetNextWp.cpp.o[0m
[4.119s] [ 35%] [32mBuilding CXX object CMakeFiles/br2_patrol_bt_node.dir/src/bt_behavior/Patrol.cpp.o[0m
[4.121s] [ 42%] [32mBuilding CXX object CMakeFiles/br2_move_bt_node.dir/src/bt_behavior/Move.cpp.o[0m
[7.320s] [ 50%] [32m[1mLinking CXX static library libgtest_main.a[0m
[7.463s] [ 50%] Built target gtest_main
[7.660s] [01m[K/home/usanz/colcon_ws/src/navigation_l4ros2/bt_behavior/src/bt_behavior/Move.cpp:[m[K In constructor â€˜[01m[Kbt_behavior::Move::Move(const string&, const string&, const BT::NodeConfiguration&)[m[Kâ€™:
[7.661s] [01m[K/home/usanz/colcon_ws/src/navigation_l4ros2/bt_behavior/src/bt_behavior/Move.cpp:47:3:[m[K [01;31m[Kerror: [m[Kâ€˜[01m[Kled_publisher_[m[Kâ€™ was not declared in this scope; did you mean â€˜[01m[Ksound_publisher_[m[Kâ€™?
[7.661s]    47 |   [01;31m[Kled_publisher_[m[K = sound_node_->create_publisher<kobuki_ros_interfaces::msg::Led>(
[7.661s]       |   [01;31m[K^~~~~~~~~~~~~~[m[K
[7.662s]       |   [32m[Ksound_publisher_[m[K
[7.662s] [01m[K/home/usanz/colcon_ws/src/navigation_l4ros2/bt_behavior/src/bt_behavior/Move.cpp:47:78:[m[K [01;31m[Kerror: [m[Kâ€˜[01m[KLed[m[Kâ€™ is not a member of â€˜[01m[Kkobuki_ros_interfaces::msg[m[Kâ€™
[7.662s]    47 |   led_publisher_ = sound_node_->create_publisher<kobuki_ros_interfaces::msg::[01;31m[KLed[m[K>(
[7.662s]       |                                                                              [01;31m[K^~~[m[K
[7.663s] [01m[K/home/usanz/colcon_ws/src/navigation_l4ros2/bt_behavior/src/bt_behavior/Move.cpp:48:25:[m[K [01;31m[Kerror: [m[Kno matching function for call to â€˜[01m[Krclcpp::Node::create_publisher<<expression error> >(const char [15], int)[m[Kâ€™
[7.663s]    48 |     "/commands/led2", 10[01;31m[K)[m[K;
[7.663s]       |                         [01;31m[K^[m[K
[7.663s] In file included from [01m[K/opt/ros/foxy/include/rclcpp/node.hpp:1224[m[K,
[7.664s]                  from [01m[K/opt/ros/foxy/include/rclcpp/executors/single_threaded_executor.hpp:28[m[K,
[7.664s]                  from [01m[K/opt/ros/foxy/include/rclcpp/executors.hpp:22[m[K,
[7.664s]                  from [01m[K/opt/ros/foxy/include/rclcpp/rclcpp.hpp:146[m[K,
[7.664s]                  from [01m[K/home/usanz/colcon_ws/src/navigation_l4ros2/bt_behavior/include/bt_behavior/ctrl_support/BTActionNode.hpp:22[m[K,
[7.664s]                  from [01m[K/home/usanz/colcon_ws/src/navigation_l4ros2/bt_behavior/include/bt_behavior/Move.hpp:25[m[K,
[7.665s]                  from [01m[K/home/usanz/colcon_ws/src/navigation_l4ros2/bt_behavior/src/bt_behavior/Move.cpp:20[m[K:
[7.665s] [01m[K/opt/ros/foxy/include/rclcpp/node_impl.hpp:71:1:[m[K [01;36m[Knote: [m[Kcandidate: â€˜[01m[Ktemplate<class MessageT, class AllocatorT, class PublisherT> std::shared_ptr<PublisherT> rclcpp::Node::create_publisher(const string&, const rclcpp::QoS&, const rclcpp::PublisherOptionsWithAllocator<AllocatorT>&)[m[Kâ€™
[7.665s]    71 | [01;36m[KNode[m[K::create_publisher(
[7.665s]       | [01;36m[K^~~~[m[K
[7.665s] [01m[K/opt/ros/foxy/include/rclcpp/node_impl.hpp:71:1:[m[K [01;36m[Knote: [m[K  template argument deduction/substitution failed:
[7.666s] [01m[K/home/usanz/colcon_ws/src/navigation_l4ros2/bt_behavior/src/bt_behavior/Move.cpp:48:25:[m[K [01;31m[Kerror: [m[Ktemplate argument 1 is invalid
[7.666s]    48 |     "/commands/led2", 10[01;31m[K)[m[K;
[7.666s]       |                         [01;31m[K^[m[K
[7.666s] [01m[K/home/usanz/colcon_ws/src/navigation_l4ros2/bt_behavior/src/bt_behavior/Move.cpp:[m[K In member function â€˜[01m[Kvirtual void bt_behavior::Move::on_tick()[m[Kâ€™:
[7.666s] [01m[K/home/usanz/colcon_ws/src/navigation_l4ros2/bt_behavior/src/bt_behavior/Move.cpp:58:50:[m[K [01;31m[Kerror: [m[Kâ€˜[01m[KLed[m[Kâ€™ is not a member of â€˜[01m[Kkobuki_ros_interfaces::msg[m[Kâ€™
[7.667s]    58 |   auto led_message = kobuki_ros_interfaces::msg::[01;31m[KLed[m[K();
[7.667s]       |                                                  [01;31m[K^~~[m[K
[7.667s] [01m[K/home/usanz/colcon_ws/src/navigation_l4ros2/bt_behavior/src/bt_behavior/Move.cpp:60:3:[m[K [01;31m[Kerror: [m[Kâ€˜[01m[Kled_publisher_[m[Kâ€™ was not declared in this scope; did you mean â€˜[01m[Ksound_publisher_[m[Kâ€™?
[7.668s]    60 |   [01;31m[Kled_publisher_[m[K->publish(led_message);
[7.668s]       |   [01;31m[K^~~~~~~~~~~~~~[m[K
[7.668s]       |   [32m[Ksound_publisher_[m[K
[7.681s] [01m[K/home/usanz/colcon_ws/src/navigation_l4ros2/bt_behavior/src/bt_behavior/Move.cpp:[m[K In member function â€˜[01m[Kvirtual BT::NodeStatus bt_behavior::Move::on_success()[m[Kâ€™:
[7.681s] [01m[K/home/usanz/colcon_ws/src/navigation_l4ros2/bt_behavior/src/bt_behavior/Move.cpp:71:50:[m[K [01;31m[Kerror: [m[Kâ€˜[01m[KLed[m[Kâ€™ is not a member of â€˜[01m[Kkobuki_ros_interfaces::msg[m[Kâ€™
[7.681s]    71 |   auto led_message = kobuki_ros_interfaces::msg::[01;31m[KLed[m[K();
[7.681s]       |                                                  [01;31m[K^~~[m[K
[7.684s] [01m[K/home/usanz/colcon_ws/src/navigation_l4ros2/bt_behavior/src/bt_behavior/Move.cpp:73:3:[m[K [01;31m[Kerror: [m[Kâ€˜[01m[Kled_publisher_[m[Kâ€™ was not declared in this scope; did you mean â€˜[01m[Ksound_publisher_[m[Kâ€™?
[7.685s]    73 |   [01;31m[Kled_publisher_[m[K->publish(led_message);
[7.685s]       |   [01;31m[K^~~~~~~~~~~~~~[m[K
[7.685s]       |   [32m[Ksound_publisher_[m[K
[7.687s] [01m[K/home/usanz/colcon_ws/src/navigation_l4ros2/bt_behavior/src/bt_behavior/Move.cpp:[m[K In member function â€˜[01m[Kvirtual BT::NodeStatus bt_behavior::Move::on_aborted()[m[Kâ€™:
[7.687s] [01m[K/home/usanz/colcon_ws/src/navigation_l4ros2/bt_behavior/src/bt_behavior/Move.cpp:85:50:[m[K [01;31m[Kerror: [m[Kâ€˜[01m[KLed[m[Kâ€™ is not a member of â€˜[01m[Kkobuki_ros_interfaces::msg[m[Kâ€™
[7.687s]    85 |   auto led_message = kobuki_ros_interfaces::msg::[01;31m[KLed[m[K();
[7.687s]       |                                                  [01;31m[K^~~[m[K
[7.690s] [01m[K/home/usanz/colcon_ws/src/navigation_l4ros2/bt_behavior/src/bt_behavior/Move.cpp:87:3:[m[K [01;31m[Kerror: [m[Kâ€˜[01m[Kled_publisher_[m[Kâ€™ was not declared in this scope; did you mean â€˜[01m[Ksound_publisher_[m[Kâ€™?
[7.691s]    87 |   [01;31m[Kled_publisher_[m[K->publish(led_message);
[7.691s]       |   [01;31m[K^~~~~~~~~~~~~~[m[K
[7.691s]       |   [32m[Ksound_publisher_[m[K
[7.692s] [01m[K/home/usanz/colcon_ws/src/navigation_l4ros2/bt_behavior/src/bt_behavior/Move.cpp:[m[K In member function â€˜[01m[Kvirtual BT::NodeStatus bt_behavior::Move::on_cancelled()[m[Kâ€™:
[7.692s] [01m[K/home/usanz/colcon_ws/src/navigation_l4ros2/bt_behavior/src/bt_behavior/Move.cpp:97:50:[m[K [01;31m[Kerror: [m[Kâ€˜[01m[KLed[m[Kâ€™ is not a member of â€˜[01m[Kkobuki_ros_interfaces::msg[m[Kâ€™
[7.692s]    97 |   auto led_message = kobuki_ros_interfaces::msg::[01;31m[KLed[m[K();
[7.692s]       |                                                  [01;31m[K^~~[m[K
[7.695s] [01m[K/home/usanz/colcon_ws/src/navigation_l4ros2/bt_behavior/src/bt_behavior/Move.cpp:99:3:[m[K [01;31m[Kerror: [m[Kâ€˜[01m[Kled_publisher_[m[Kâ€™ was not declared in this scope; did you mean â€˜[01m[Ksound_publisher_[m[Kâ€™?
[7.696s]    99 |   [01;31m[Kled_publisher_[m[K->publish(led_message);
[7.696s]       |   [01;31m[K^~~~~~~~~~~~~~[m[K
[7.696s]       |   [32m[Ksound_publisher_[m[K
[9.636s] make[2]: *** [CMakeFiles/br2_move_bt_node.dir/build.make:63: CMakeFiles/br2_move_bt_node.dir/src/bt_behavior/Move.cpp.o] Error 1
[9.637s] make[1]: *** [CMakeFiles/Makefile2:152: CMakeFiles/br2_move_bt_node.dir/all] Error 2
[9.637s] make[1]: *** Waiting for unfinished jobs....
[11.213s] [ 57%] [32m[1mLinking CXX executable patrolling_main[0m
[11.554s] [ 64%] [32m[1mLinking CXX static library libgtest.a[0m
[11.570s] [ 64%] Built target patrolling_main
[11.683s] [ 64%] Built target gtest
[12.027s] [ 71%] [32m[1mLinking CXX shared library libbr2_get_waypoint_bt_node.so[0m
[12.265s] [ 71%] Built target br2_get_waypoint_bt_node
[12.701s] [ 78%] [32m[1mLinking CXX shared library libbr2_patrol_bt_node.so[0m
[12.949s] [ 78%] Built target br2_patrol_bt_node
[12.951s] make: *** [Makefile:141: all] Error 2
[12.954s] Invoked command in '/home/usanz/colcon_ws/src/navigation_l4ros2/build/bt_behavior' returned '2': CMAKE_PREFIX_PATH=${CMAKE_PREFIX_PATH}:/home/usanz/colcon_ws/install/ros2controlcli:/home/usanz/colcon_ws/install/launch_pal:/home/usanz/colcon_ws/install/intro_py_ros2:/opt/ros/foxy /usr/bin/cmake --build /home/usanz/colcon_ws/src/navigation_l4ros2/build/bt_behavior -- -j8 -l8
