[0.029s] Invoking command in '/home/usanz/colcon_ws/src/navigation_l4ros2/build/bt_behavior': CMAKE_PREFIX_PATH=${CMAKE_PREFIX_PATH}:/home/usanz/colcon_ws/install/ros2controlcli:/home/usanz/colcon_ws/install/launch_pal:/home/usanz/colcon_ws/install/intro_py_ros2:/opt/ros/foxy /usr/bin/cmake --build /home/usanz/colcon_ws/src/navigation_l4ros2/build/bt_behavior -- -j8 -l8
[0.125s] [35m[1mScanning dependencies of target br2_sound_feedback_bt_node[0m
[0.163s] [ 12%] Built target gtest
[0.165s] [ 25%] Built target gtest_main
[0.185s] [ 37%] Built target br2_patrol_bt_node
[0.193s] [ 50%] Built target patrolling_main
[0.200s] [ 62%] Built target br2_move_bt_node
[0.201s] [ 75%] Built target br2_get_waypoint_bt_node
[0.217s] [ 81%] [32mBuilding CXX object CMakeFiles/br2_sound_feedback_bt_node.dir/src/bt_behavior/SoundFeedback.cpp.o[0m
[0.245s] [ 93%] Built target bt_action_test
[2.437s] [01m[K/home/usanz/colcon_ws/src/navigation_l4ros2/bt_behavior/src/bt_behavior/SoundFeedback.cpp:38:1:[m[K [01;31m[Kerror: [m[Kno declaration matches â€˜[01m[Kbt_behavior::SoundFeedback::SoundFeedback(const string&, const BT::NodeConfiguration&)[m[Kâ€™
[2.437s]    38 | [01;31m[KSoundFeedback[m[K::SoundFeedback(
[2.438s]       | [01;31m[K^~~~~~~~~~~~~[m[K
[2.438s] In file included from [01m[K/home/usanz/colcon_ws/src/navigation_l4ros2/bt_behavior/src/bt_behavior/SoundFeedback.cpp:20[m[K:
[2.438s] [01m[K/home/usanz/colcon_ws/src/navigation_l4ros2/bt_behavior/include/bt_behavior/SoundFeedback.hpp:35:7:[m[K [01;36m[Knote: [m[Kcandidates are: â€˜[01m[Kbt_behavior::SoundFeedback::SoundFeedback(bt_behavior::SoundFeedback&&)[m[Kâ€™
[2.438s]    35 | class [01;36m[KSoundFeedback[m[K : public bt_behavior::BtActionNode<nav2_msgs::action::NavigateToPose>
[2.438s]       |       [01;36m[K^~~~~~~~~~~~~[m[K
[2.438s] [01m[K/home/usanz/colcon_ws/src/navigation_l4ros2/bt_behavior/include/bt_behavior/SoundFeedback.hpp:35:7:[m[K [01;36m[Knote: [m[K                â€˜[01m[Kbt_behavior::SoundFeedback::SoundFeedback(const bt_behavior::SoundFeedback&)[m[Kâ€™
[2.439s] [01m[K/home/usanz/colcon_ws/src/navigation_l4ros2/bt_behavior/include/bt_behavior/SoundFeedback.hpp:38:12:[m[K [01;36m[Knote: [m[K                â€˜[01m[Kbt_behavior::SoundFeedback::SoundFeedback(const string&, const string&, const BT::NodeConfiguration&)[m[Kâ€™
[2.439s]    38 |   explicit [01;36m[KSoundFeedback[m[K(
[2.439s]       |            [01;36m[K^~~~~~~~~~~~~[m[K
[2.439s] [01m[K/home/usanz/colcon_ws/src/navigation_l4ros2/bt_behavior/include/bt_behavior/SoundFeedback.hpp:35:7:[m[K [01;36m[Knote: [m[Kâ€˜[01m[Kclass bt_behavior::SoundFeedback[m[Kâ€™ defined here
[2.439s]    35 | class [01;36m[KSoundFeedback[m[K : public bt_behavior::BtActionNode<nav2_msgs::action::NavigateToPose>
[2.439s]       |       [01;36m[K^~~~~~~~~~~~~[m[K
[2.557s] In file included from [01m[K/home/usanz/colcon_ws/src/navigation_l4ros2/bt_behavior/include/bt_behavior/SoundFeedback.hpp:28[m[K,
[2.558s]                  from [01m[K/home/usanz/colcon_ws/src/navigation_l4ros2/bt_behavior/src/bt_behavior/SoundFeedback.cpp:20[m[K:
[2.558s] /opt/ros/foxy/include/behaviortree_cpp_v3/bt_factory.h: In instantiation of â€˜[01m[Kvoid BT::BehaviorTreeFactory::registerNodeType(const string&) [with T = bt_behavior::SoundFeedback; std::string = std::__cxx11::basic_string<char>][m[Kâ€™:
[2.558s] [01m[K/home/usanz/colcon_ws/src/navigation_l4ros2/bt_behavior/src/bt_behavior/SoundFeedback.cpp:81:71:[m[K   required from here
[2.559s] [01m[K/opt/ros/foxy/include/behaviortree_cpp_v3/bt_factory.h:309:45:[m[K [01;31m[Kerror: [m[Kstatic assertion failed: [registerNode]: the registered class must have at least one of these two constructors:   (const std::string&, const NodeConfiguration&) or (const std::string&).
[2.559s]   309 |         static_assert([01;31m[Kdefault_constructable || param_constructable[m[K,
[2.559s]       |                       [01;31m[K~~~~~~~~~~~~~~~~~~~~~~^~~~~~~~~~~~~~~~~~~~~~[m[K
[2.559s] [01m[K/opt/ros/foxy/include/behaviortree_cpp_v3/bt_factory.h:318:23:[m[K [01;31m[Kerror: [m[Kstatic assertion failed: [registerNode]: since you have a static method providedPorts(), you MUST add a constructor sign signature (const std::string&, const NodeParameters&)
[2.559s] 
[2.559s]   318 |         static_assert([01;31m[K!(has_static_ports_list && !param_constructable)[m[K,
[2.560s]       |                       [01;31m[K^~~~~~~~~~~~~~~~~~~~~~~~~~~~~~~~~~~~~~~~~~~~~~~~[m[K
[2.560s] [01m[K/opt/ros/foxy/include/behaviortree_cpp_v3/bt_factory.h:323:65:[m[K [01;31m[Kerror: [m[Kno matching function for call to â€˜[01m[KCreateBuilder<bt_behavior::SoundFeedback>()[m[Kâ€™
[2.560s]   323 |         registerBuilder( CreateManifest<T>(ID), [01;31m[KCreateBuilder<T>()[m[K);
[2.560s]       |                                                 [01;31m[K~~~~~~~~~~~~~~~~^~[m[K
[2.560s] In file included from [01m[K/home/usanz/colcon_ws/src/navigation_l4ros2/bt_behavior/include/bt_behavior/SoundFeedback.hpp:28[m[K,
[2.560s]                  from [01m[K/home/usanz/colcon_ws/src/navigation_l4ros2/bt_behavior/src/bt_behavior/SoundFeedback.cpp:20[m[K:
[2.560s] [01m[K/opt/ros/foxy/include/behaviortree_cpp_v3/bt_factory.h:43:15:[m[K [01;36m[Knote: [m[Kcandidate: â€˜[01m[Ktemplate<class T> BT::NodeBuilder BT::CreateBuilder(typename std::enable_if<(std::is_constructible<T, const std::__cxx11::basic_string<char, std::char_traits<char>, std::allocator<char> >&>::value && std::is_constructible<T, const std::__cxx11::basic_string<char, std::char_traits<char>, std::allocator<char> >&, const BT::NodeConfiguration&>::value)>::type*)[m[Kâ€™
[2.560s]    43 |   NodeBuilder [01;36m[KCreateBuilder[m[K(typename std::enable_if<has_default_constructor<T>::value &&
[2.561s]       |               [01;36m[K^~~~~~~~~~~~~[m[K
[2.561s] [01m[K/opt/ros/foxy/include/behaviortree_cpp_v3/bt_factory.h:43:15:[m[K [01;36m[Knote: [m[K  template argument deduction/substitution failed:
[2.561s] /opt/ros/foxy/include/behaviortree_cpp_v3/bt_factory.h: In substitution of â€˜[01m[Ktemplate<class T> BT::NodeBuilder BT::CreateBuilder(typename std::enable_if<(std::is_constructible<T, const std::__cxx11::basic_string<char, std::char_traits<char>, std::allocator<char> >&>::value && std::is_constructible<T, const std::__cxx11::basic_string<char, std::char_traits<char>, std::allocator<char> >&, const BT::NodeConfiguration&>::value)>::type*) [with T = bt_behavior::SoundFeedback][m[Kâ€™:
[2.561s] [01m[K/opt/ros/foxy/include/behaviortree_cpp_v3/bt_factory.h:323:65:[m[K   required from â€˜[01m[Kvoid BT::BehaviorTreeFactory::registerNodeType(const string&) [with T = bt_behavior::SoundFeedback; std::string = std::__cxx11::basic_string<char>][m[Kâ€™
[2.561s] [01m[K/home/usanz/colcon_ws/src/navigation_l4ros2/bt_behavior/src/bt_behavior/SoundFeedback.cpp:81:71:[m[K   required from here
[2.561s] [01m[K/opt/ros/foxy/include/behaviortree_cpp_v3/bt_factory.h:43:15:[m[K [01;31m[Kerror: [m[Kno type named â€˜[01m[Ktype[m[Kâ€™ in â€˜[01m[Kstruct std::enable_if<false, void>[m[Kâ€™
[2.561s] /opt/ros/foxy/include/behaviortree_cpp_v3/bt_factory.h: In instantiation of â€˜[01m[Kvoid BT::BehaviorTreeFactory::registerNodeType(const string&) [with T = bt_behavior::SoundFeedback; std::string = std::__cxx11::basic_string<char>][m[Kâ€™:
[2.561s] [01m[K/home/usanz/colcon_ws/src/navigation_l4ros2/bt_behavior/src/bt_behavior/SoundFeedback.cpp:81:71:[m[K   required from here
[2.561s] [01m[K/opt/ros/foxy/include/behaviortree_cpp_v3/bt_factory.h:60:15:[m[K [01;36m[Knote: [m[Kcandidate: â€˜[01m[Ktemplate<class T> BT::NodeBuilder BT::CreateBuilder(typename std::enable_if<((! std::is_constructible<T, const std::__cxx11::basic_string<char, std::char_traits<char>, std::allocator<char> >&>::value) && std::is_constructible<T, const std::__cxx11::basic_string<char, std::char_traits<char>, std::allocator<char> >&, const BT::NodeConfiguration&>::value)>::type*)[m[Kâ€™
[2.562s]    60 |   NodeBuilder [01;36m[KCreateBuilder[m[K(typename std::enable_if<!has_default_constructor<T>::value &&
[2.562s]       |               [01;36m[K^~~~~~~~~~~~~[m[K
[2.562s] [01m[K/opt/ros/foxy/include/behaviortree_cpp_v3/bt_factory.h:60:15:[m[K [01;36m[Knote: [m[K  template argument deduction/substitution failed:
[2.562s] /opt/ros/foxy/include/behaviortree_cpp_v3/bt_factory.h: In substitution of â€˜[01m[Ktemplate<class T> BT::NodeBuilder BT::CreateBuilder(typename std::enable_if<((! std::is_constructible<T, const std::__cxx11::basic_string<char, std::char_traits<char>, std::allocator<char> >&>::value) && std::is_constructible<T, const std::__cxx11::basic_string<char, std::char_traits<char>, std::allocator<char> >&, const BT::NodeConfiguration&>::value)>::type*) [with T = bt_behavior::SoundFeedback][m[Kâ€™:
[2.562s] [01m[K/opt/ros/foxy/include/behaviortree_cpp_v3/bt_factory.h:323:65:[m[K   required from â€˜[01m[Kvoid BT::BehaviorTreeFactory::registerNodeType(const string&) [with T = bt_behavior::SoundFeedback; std::string = std::__cxx11::basic_string<char>][m[Kâ€™
[2.562s] [01m[K/home/usanz/colcon_ws/src/navigation_l4ros2/bt_behavior/src/bt_behavior/SoundFeedback.cpp:81:71:[m[K   required from here
[2.562s] [01m[K/opt/ros/foxy/include/behaviortree_cpp_v3/bt_factory.h:60:15:[m[K [01;31m[Kerror: [m[Kno type named â€˜[01m[Ktype[m[Kâ€™ in â€˜[01m[Kstruct std::enable_if<false, void>[m[Kâ€™
[2.563s] /opt/ros/foxy/include/behaviortree_cpp_v3/bt_factory.h: In instantiation of â€˜[01m[Kvoid BT::BehaviorTreeFactory::registerNodeType(const string&) [with T = bt_behavior::SoundFeedback; std::string = std::__cxx11::basic_string<char>][m[Kâ€™:
[2.563s] [01m[K/home/usanz/colcon_ws/src/navigation_l4ros2/bt_behavior/src/bt_behavior/SoundFeedback.cpp:81:71:[m[K   required from here
[2.563s] [01m[K/opt/ros/foxy/include/behaviortree_cpp_v3/bt_factory.h:70:15:[m[K [01;36m[Knote: [m[Kcandidate: â€˜[01m[Ktemplate<class T> BT::NodeBuilder BT::CreateBuilder(typename std::enable_if<(std::is_constructible<T, const std::__cxx11::basic_string<char, std::char_traits<char>, std::allocator<char> >&>::value && (! std::is_constructible<T, const std::__cxx11::basic_string<char, std::char_traits<char>, std::allocator<char> >&, const BT::NodeConfiguration&>::value))>::type*)[m[Kâ€™
[2.563s]    70 |   NodeBuilder [01;36m[KCreateBuilder[m[K(typename std::enable_if<has_default_constructor<T>::value &&
[2.563s]       |               [01;36m[K^~~~~~~~~~~~~[m[K
[2.563s] [01m[K/opt/ros/foxy/include/behaviortree_cpp_v3/bt_factory.h:70:15:[m[K [01;36m[Knote: [m[K  template argument deduction/substitution failed:
[2.563s] /opt/ros/foxy/include/behaviortree_cpp_v3/bt_factory.h: In substitution of â€˜[01m[Ktemplate<class T> BT::NodeBuilder BT::CreateBuilder(typename std::enable_if<(std::is_constructible<T, const std::__cxx11::basic_string<char, std::char_traits<char>, std::allocator<char> >&>::value && (! std::is_constructible<T, const std::__cxx11::basic_string<char, std::char_traits<char>, std::allocator<char> >&, const BT::NodeConfiguration&>::value))>::type*) [with T = bt_behavior::SoundFeedback][m[Kâ€™:
[2.563s] [01m[K/opt/ros/foxy/include/behaviortree_cpp_v3/bt_factory.h:323:65:[m[K   required from â€˜[01m[Kvoid BT::BehaviorTreeFactory::registerNodeType(const string&) [with T = bt_behavior::SoundFeedback; std::string = std::__cxx11::basic_string<char>][m[Kâ€™
[2.564s] [01m[K/home/usanz/colcon_ws/src/navigation_l4ros2/bt_behavior/src/bt_behavior/SoundFeedback.cpp:81:71:[m[K   required from here
[2.564s] [01m[K/opt/ros/foxy/include/behaviortree_cpp_v3/bt_factory.h:70:15:[m[K [01;31m[Kerror: [m[Kno type named â€˜[01m[Ktype[m[Kâ€™ in â€˜[01m[Kstruct std::enable_if<false, void>[m[Kâ€™
[3.438s] make[2]: *** [CMakeFiles/br2_sound_feedback_bt_node.dir/build.make:63: CMakeFiles/br2_sound_feedback_bt_node.dir/src/bt_behavior/SoundFeedback.cpp.o] Error 1
[3.438s] make[1]: *** [CMakeFiles/Makefile2:235: CMakeFiles/br2_sound_feedback_bt_node.dir/all] Error 2
[3.438s] make: *** [Makefile:141: all] Error 2
[3.441s] Invoked command in '/home/usanz/colcon_ws/src/navigation_l4ros2/build/bt_behavior' returned '2': CMAKE_PREFIX_PATH=${CMAKE_PREFIX_PATH}:/home/usanz/colcon_ws/install/ros2controlcli:/home/usanz/colcon_ws/install/launch_pal:/home/usanz/colcon_ws/install/intro_py_ros2:/opt/ros/foxy /usr/bin/cmake --build /home/usanz/colcon_ws/src/navigation_l4ros2/build/bt_behavior -- -j8 -l8
