In file included from [01m[K/home/usanz/colcon_ws/src/navigation_l4ros2/bt_behavior/src/bt_behavior/SoundFeedback.cpp:20[m[K:
[01m[K/home/usanz/colcon_ws/src/navigation_l4ros2/bt_behavior/include/bt_behavior/SoundFeedback.hpp:21:10:[m[K [01;31m[Kfatal error: [m[Kstd_msgs/msg/Bool.hpp: No such file or directory
   21 | #include [01;31m[K"std_msgs/msg/Bool.hpp"[m[K
      |          [01;31m[K^~~~~~~~~~~~~~~~~~~~~~~[m[K
compilation terminated.
make[2]: *** [CMakeFiles/br2_sound_feedback_bt_node.dir/build.make:63: CMakeFiles/br2_sound_feedback_bt_node.dir/src/bt_behavior/SoundFeedback.cpp.o] Error 1
make[1]: *** [CMakeFiles/Makefile2:235: CMakeFiles/br2_sound_feedback_bt_node.dir/all] Error 2
make[1]: *** Waiting for unfinished jobs....
make: *** [Makefile:141: all] Error 2
