[0.032s] Invoking command in '/home/usanz/colcon_ws/src/navigation_l4ros2/build/bt_behavior': CMAKE_PREFIX_PATH=${CMAKE_PREFIX_PATH}:/home/usanz/colcon_ws/install/ros2controlcli:/home/usanz/colcon_ws/install/launch_pal:/home/usanz/colcon_ws/install/intro_py_ros2:/opt/ros/foxy /usr/bin/cmake --build /home/usanz/colcon_ws/src/navigation_l4ros2/build/bt_behavior -- -j8 -l8
[0.121s] [35m[1mScanning dependencies of target br2_sound_feedback_bt_node[0m
[0.145s] [ 12%] Built target gtest_main
[0.160s] [ 25%] Built target gtest
[0.186s] [ 37%] Built target br2_patrol_bt_node
[0.189s] [ 50%] Built target patrolling_main
[0.195s] [ 62%] Built target br2_get_waypoint_bt_node
[0.198s] [ 75%] Built target br2_move_bt_node
[0.209s] [ 81%] [32mBuilding CXX object CMakeFiles/br2_sound_feedback_bt_node.dir/src/bt_behavior/SoundFeedback.cpp.o[0m
[0.236s] [ 93%] Built target bt_action_test
[2.392s] [01m[K/home/usanz/colcon_ws/src/navigation_l4ros2/bt_behavior/src/bt_behavior/SoundFeedback.cpp:[m[K In constructor â€˜[01m[Kbt_behavior::SoundFeedback::SoundFeedback(const string&, const BT::NodeConfiguration&)[m[Kâ€™:
[2.393s] [01m[K/home/usanz/colcon_ws/src/navigation_l4ros2/bt_behavior/src/bt_behavior/SoundFeedback.cpp:41:7:[m[K [01;31m[Kerror: [m[Ktype â€˜[01m[KBT::ActionNodeBase[m[Kâ€™ is not a direct base of â€˜[01m[Kbt_behavior::SoundFeedback[m[Kâ€™
[2.393s]    41 | : BT::[01;31m[KActionNodeBase[m[K(xml_tag_name, conf)
[2.393s]       |       [01;31m[K^~~~~~~~~~~~~~[m[K
[2.393s] [01m[K/home/usanz/colcon_ws/src/navigation_l4ros2/bt_behavior/src/bt_behavior/SoundFeedback.cpp:41:40:[m[K [01;31m[Kerror: [m[Kuse of deleted function â€˜[01m[Kbt_behavior::BtActionNode<ActionT, NodeT>::BtActionNode() [with ActionT = nav2_msgs::action::NavigateToPose; NodeT = rclcpp::Node][m[Kâ€™
[2.394s]    41 | : BT::ActionNodeBase(xml_tag_name, conf[01;31m[K)[m[K
[2.394s]       |                                        [01;31m[K^[m[K
[2.394s] In file included from [01m[K/home/usanz/colcon_ws/src/navigation_l4ros2/bt_behavior/include/bt_behavior/SoundFeedback.hpp:26[m[K,
[2.394s]                  from [01m[K/home/usanz/colcon_ws/src/navigation_l4ros2/bt_behavior/src/bt_behavior/SoundFeedback.cpp:20[m[K:
[2.395s] [01m[K/home/usanz/colcon_ws/src/navigation_l4ros2/bt_behavior/include/bt_behavior/ctrl_support/BTActionNode.hpp:58:3:[m[K [01;36m[Knote: [m[Kdeclared here
[2.395s]    58 |   [01;36m[KBtActionNode[m[K() = delete;
[2.395s]       |   [01;36m[K^~~~~~~~~~~~[m[K
[3.878s] make[2]: *** [CMakeFiles/br2_sound_feedback_bt_node.dir/build.make:63: CMakeFiles/br2_sound_feedback_bt_node.dir/src/bt_behavior/SoundFeedback.cpp.o] Error 1
[3.878s] make[1]: *** [CMakeFiles/Makefile2:235: CMakeFiles/br2_sound_feedback_bt_node.dir/all] Error 2
[3.879s] make: *** [Makefile:141: all] Error 2
[3.883s] Invoked command in '/home/usanz/colcon_ws/src/navigation_l4ros2/build/bt_behavior' returned '2': CMAKE_PREFIX_PATH=${CMAKE_PREFIX_PATH}:/home/usanz/colcon_ws/install/ros2controlcli:/home/usanz/colcon_ws/install/launch_pal:/home/usanz/colcon_ws/install/intro_py_ros2:/opt/ros/foxy /usr/bin/cmake --build /home/usanz/colcon_ws/src/navigation_l4ros2/build/bt_behavior -- -j8 -l8
